2015/04/21 14:30:20 [error] [exception.CException] exception 'CException' with message 'User and its behaviors do not have a method or closure named "validatePassword".' in F:\Temp\xampp\htdocs\yii\framework\base\CComponent.php:266
Stack trace:
#0 F:\Temp\xampp\htdocs\yii\framework\db\ar\CActiveRecord.php(227): CComponent->__call('validatePasswor...', Array)
#1 F:\Temp\xampp\htdocs\yii\protected\components\UserIdentity.php(36): CActiveRecord->__call('validatePasswor...', Array)
#2 F:\Temp\xampp\htdocs\yii\protected\components\UserIdentity.php(36): User->validatePassword('demo')
#3 F:\Temp\xampp\htdocs\yii\protected\models\LoginForm.php(52): UserIdentity->authenticate()
#4 F:\Temp\xampp\htdocs\yii\framework\validators\CInlineValidator.php(42): LoginForm->authenticate('password', Array)
#5 F:\Temp\xampp\htdocs\yii\framework\validators\CValidator.php(201): CInlineValidator->validateAttribute(Object(LoginForm), 'password')
#6 F:\Temp\xampp\htdocs\yii\framework\base\CModel.php(159): CValidator->validate(Object(LoginForm), NULL)
#7 F:\Temp\xampp\htdocs\yii\protected\controllers\SiteController.php(94): CModel->validate()
#8 F:\Temp\xampp\htdocs\yii\framework\web\actions\CInlineAction.php(49): SiteController->actionLogin()
#9 F:\Temp\xampp\htdocs\yii\framework\web\CController.php(308): CInlineAction->runWithParams(Array)
#10 F:\Temp\xampp\htdocs\yii\framework\web\CController.php(286): CController->runAction(Object(CInlineAction))
#11 F:\Temp\xampp\htdocs\yii\framework\web\CController.php(265): CController->runActionWithFilters(Object(CInlineAction), Array)
#12 F:\Temp\xampp\htdocs\yii\framework\web\CWebApplication.php(282): CController->run('login')
#13 F:\Temp\xampp\htdocs\yii\framework\web\CWebApplication.php(141): CWebApplication->runController('site/login')
#14 F:\Temp\xampp\htdocs\yii\framework\base\CApplication.php(184): CWebApplication->processRequest()
#15 F:\Temp\xampp\htdocs\yii\index.php(13): CApplication->run()
#16 {main}
REQUEST_URI=/yii/index.php?r=site/login
HTTP_REFERER=http://localhost/yii/index.php?r=site/login
---
2015/04/21 14:30:41 [error] [exception.CException] exception 'CException' with message 'User and its behaviors do not have a method or closure named "validatePassword".' in F:\Temp\xampp\htdocs\yii\framework\base\CComponent.php:266
Stack trace:
#0 F:\Temp\xampp\htdocs\yii\framework\db\ar\CActiveRecord.php(227): CComponent->__call('validatePasswor...', Array)
#1 F:\Temp\xampp\htdocs\yii\protected\components\UserIdentity.php(36): CActiveRecord->__call('validatePasswor...', Array)
#2 F:\Temp\xampp\htdocs\yii\protected\components\UserIdentity.php(36): User->validatePassword('demo')
#3 F:\Temp\xampp\htdocs\yii\protected\models\LoginForm.php(52): UserIdentity->authenticate()
#4 F:\Temp\xampp\htdocs\yii\framework\validators\CInlineValidator.php(42): LoginForm->authenticate('password', Array)
#5 F:\Temp\xampp\htdocs\yii\framework\validators\CValidator.php(201): CInlineValidator->validateAttribute(Object(LoginForm), 'password')
#6 F:\Temp\xampp\htdocs\yii\framework\base\CModel.php(159): CValidator->validate(Object(LoginForm), NULL)
#7 F:\Temp\xampp\htdocs\yii\protected\controllers\SiteController.php(94): CModel->validate()
#8 F:\Temp\xampp\htdocs\yii\framework\web\actions\CInlineAction.php(49): SiteController->actionLogin()
#9 F:\Temp\xampp\htdocs\yii\framework\web\CController.php(308): CInlineAction->runWithParams(Array)
#10 F:\Temp\xampp\htdocs\yii\framework\web\CController.php(286): CController->runAction(Object(CInlineAction))
#11 F:\Temp\xampp\htdocs\yii\framework\web\CController.php(265): CController->runActionWithFilters(Object(CInlineAction), Array)
#12 F:\Temp\xampp\htdocs\yii\framework\web\CWebApplication.php(282): CController->run('login')
#13 F:\Temp\xampp\htdocs\yii\framework\web\CWebApplication.php(141): CWebApplication->runController('site/login')
#14 F:\Temp\xampp\htdocs\yii\framework\base\CApplication.php(184): CWebApplication->processRequest()
#15 F:\Temp\xampp\htdocs\yii\index.php(13): CApplication->run()
#16 {main}
REQUEST_URI=/yii/index.php?r=site/login
HTTP_REFERER=http://localhost/yii/index.php?r=site/login
---
2015/04/21 17:30:43 [error] [php] Trying to get property of non-object (F:\Temp\xampp\htdocs\yii\protected\controllers\BookController.php:8)
Stack trace:
#0 F:\Temp\xampp\htdocs\yii\framework\web\CController.php(286): BookController->runAction()
#1 F:\Temp\xampp\htdocs\yii\framework\web\CController.php(265): BookController->runActionWithFilters()
#2 F:\Temp\xampp\htdocs\yii\framework\web\CWebApplication.php(282): BookController->run()
#3 F:\Temp\xampp\htdocs\yii\framework\web\CWebApplication.php(141): CWebApplication->runController()
#4 F:\Temp\xampp\htdocs\yii\framework\base\CApplication.php(184): CWebApplication->processRequest()
#5 F:\Temp\xampp\htdocs\yii\index.php(13): CWebApplication->run()
REQUEST_URI=/yii/index.php?r=book
in F:\Temp\xampp\htdocs\yii\protected\controllers\BookController.php (8)
in F:\Temp\xampp\htdocs\yii\index.php (13)
2015/04/21 20:48:22 [error] [exception.CException] exception 'CException' with message 'Property "CHasManyRelation.conditions" is not defined.' in F:\Temp\xampp\htdocs\yii\framework\base\CComponent.php:173
Stack trace:
#0 F:\Temp\xampp\htdocs\yii\framework\db\ar\CActiveRecord.php(2011): CComponent->__set('conditions', 'comments.status...')
#1 F:\Temp\xampp\htdocs\yii\framework\db\ar\CActiveRecord.php(2432): CBaseActiveRelation->__construct('comments', 'Comment', 'post_id', Array)
#2 F:\Temp\xampp\htdocs\yii\framework\db\ar\CActiveRecord.php(2413): CActiveRecordMetaData->addRelation('comments', Array)
#3 F:\Temp\xampp\htdocs\yii\framework\db\ar\CActiveRecord.php(411): CActiveRecordMetaData->__construct(Object(Post))
#4 F:\Temp\xampp\htdocs\yii\framework\db\ar\CActiveRecord.php(661): CActiveRecord->getMetaData()
#5 F:\Temp\xampp\htdocs\yii\framework\db\ar\CActiveRecord.php(1606): CActiveRecord->getTableSchema()
#6 F:\Temp\xampp\htdocs\yii\framework\web\CActiveDataProvider.php(228): CActiveRecord->count(Object(CDbCriteria))
#7 F:\Temp\xampp\htdocs\yii\framework\web\CDataProvider.php(224): CActiveDataProvider->calculateTotalItemCount()
#8 F:\Temp\xampp\htdocs\yii\framework\web\CActiveDataProvider.php(178): CDataProvider->getTotalItemCount()
#9 F:\Temp\xampp\htdocs\yii\framework\web\CDataProvider.php(168): CActiveDataProvider->fetchData()
#10 F:\Temp\xampp\htdocs\yii\framework\zii\widgets\CBaseListView.php(125): CDataProvider->getData()
#11 F:\Temp\xampp\htdocs\yii\framework\zii\widgets\CListView.php(211): CBaseListView->init()
#12 F:\Temp\xampp\htdocs\yii\framework\web\CBaseController.php(147): CListView->init()
#13 F:\Temp\xampp\htdocs\yii\framework\web\CBaseController.php(180): CBaseController->createWidget('zii.widgets.CLi...', Array)
#14 F:\Temp\xampp\htdocs\yii\protected\views\post\index.php(20): CBaseController->widget('zii.widgets.CLi...', Array)
#15 F:\Temp\xampp\htdocs\yii\framework\web\CBaseController.php(126): require('F:\\Temp\\xampp\\h...')
#16 F:\Temp\xampp\htdocs\yii\framework\web\CBaseController.php(95): CBaseController->renderInternal('F:\\Temp\\xampp\\h...', Array, true)
#17 F:\Temp\xampp\htdocs\yii\framework\web\CController.php(869): CBaseController->renderFile('F:\\Temp\\xampp\\h...', Array, true)
#18 F:\Temp\xampp\htdocs\yii\framework\web\CController.php(782): CController->renderPartial('index', Array, true)
#19 F:\Temp\xampp\htdocs\yii\protected\controllers\PostController.php(123): CController->render('index', Array)
#20 F:\Temp\xampp\htdocs\yii\framework\web\actions\CInlineAction.php(49): PostController->actionIndex()
#21 F:\Temp\xampp\htdocs\yii\framework\web\CController.php(308): CInlineAction->runWithParams(Array)
#22 F:\Temp\xampp\htdocs\yii\framework\web\filters\CFilterChain.php(133): CController->runAction(Object(CInlineAction))
#23 F:\Temp\xampp\htdocs\yii\framework\web\filters\CFilter.php(40): CFilterChain->run()
#24 F:\Temp\xampp\htdocs\yii\framework\web\CController.php(1145): CFilter->filter(Object(CFilterChain))
#25 F:\Temp\xampp\htdocs\yii\framework\web\filters\CInlineFilter.php(58): CController->filterAccessControl(Object(CFilterChain))
#26 F:\Temp\xampp\htdocs\yii\framework\web\filters\CFilterChain.php(130): CInlineFilter->filter(Object(CFilterChain))
#27 F:\Temp\xampp\htdocs\yii\framework\web\CController.php(291): CFilterChain->run()
#28 F:\Temp\xampp\htdocs\yii\framework\web\CController.php(265): CController->runActionWithFilters(Object(CInlineAction), Array)
#29 F:\Temp\xampp\htdocs\yii\framework\web\CWebApplication.php(282): CController->run('')
#30 F:\Temp\xampp\htdocs\yii\framework\web\CWebApplication.php(141): CWebApplication->runController('post')
#31 F:\Temp\xampp\htdocs\yii\framework\base\CApplication.php(184): CWebApplication->processRequest()
#32 F:\Temp\xampp\htdocs\yii\index.php(13): CApplication->run()
#33 {main}
REQUEST_URI=/yii/index.php?r=post
---
2015/04/21 20:48:41 [error] [exception.CException] exception 'CException' with message 'Property "CHasManyRelation.conditions" is not defined.' in F:\Temp\xampp\htdocs\yii\framework\base\CComponent.php:173
Stack trace:
#0 F:\Temp\xampp\htdocs\yii\framework\db\ar\CActiveRecord.php(2011): CComponent->__set('conditions', 'comments.status...')
#1 F:\Temp\xampp\htdocs\yii\framework\db\ar\CActiveRecord.php(2432): CBaseActiveRelation->__construct('comments', 'Comment', 'post_id', Array)
#2 F:\Temp\xampp\htdocs\yii\framework\db\ar\CActiveRecord.php(2413): CActiveRecordMetaData->addRelation('comments', Array)
#3 F:\Temp\xampp\htdocs\yii\framework\db\ar\CActiveRecord.php(411): CActiveRecordMetaData->__construct(Object(Post))
#4 F:\Temp\xampp\htdocs\yii\framework\db\ar\CActiveRecord.php(661): CActiveRecord->getMetaData()
#5 F:\Temp\xampp\htdocs\yii\framework\db\ar\CActiveRecord.php(1606): CActiveRecord->getTableSchema()
#6 F:\Temp\xampp\htdocs\yii\framework\web\CActiveDataProvider.php(228): CActiveRecord->count(Object(CDbCriteria))
#7 F:\Temp\xampp\htdocs\yii\framework\web\CDataProvider.php(224): CActiveDataProvider->calculateTotalItemCount()
#8 F:\Temp\xampp\htdocs\yii\framework\web\CActiveDataProvider.php(178): CDataProvider->getTotalItemCount()
#9 F:\Temp\xampp\htdocs\yii\framework\web\CDataProvider.php(168): CActiveDataProvider->fetchData()
#10 F:\Temp\xampp\htdocs\yii\framework\zii\widgets\CBaseListView.php(125): CDataProvider->getData()
#11 F:\Temp\xampp\htdocs\yii\framework\zii\widgets\CListView.php(211): CBaseListView->init()
#12 F:\Temp\xampp\htdocs\yii\framework\web\CBaseController.php(147): CListView->init()
#13 F:\Temp\xampp\htdocs\yii\framework\web\CBaseController.php(180): CBaseController->createWidget('zii.widgets.CLi...', Array)
#14 F:\Temp\xampp\htdocs\yii\protected\views\post\index.php(20): CBaseController->widget('zii.widgets.CLi...', Array)
#15 F:\Temp\xampp\htdocs\yii\framework\web\CBaseController.php(126): require('F:\\Temp\\xampp\\h...')
#16 F:\Temp\xampp\htdocs\yii\framework\web\CBaseController.php(95): CBaseController->renderInternal('F:\\Temp\\xampp\\h...', Array, true)
#17 F:\Temp\xampp\htdocs\yii\framework\web\CController.php(869): CBaseController->renderFile('F:\\Temp\\xampp\\h...', Array, true)
#18 F:\Temp\xampp\htdocs\yii\framework\web\CController.php(782): CController->renderPartial('index', Array, true)
#19 F:\Temp\xampp\htdocs\yii\protected\controllers\PostController.php(123): CController->render('index', Array)
#20 F:\Temp\xampp\htdocs\yii\framework\web\actions\CInlineAction.php(49): PostController->actionIndex()
#21 F:\Temp\xampp\htdocs\yii\framework\web\CController.php(308): CInlineAction->runWithParams(Array)
#22 F:\Temp\xampp\htdocs\yii\framework\web\filters\CFilterChain.php(133): CController->runAction(Object(CInlineAction))
#23 F:\Temp\xampp\htdocs\yii\framework\web\filters\CFilter.php(40): CFilterChain->run()
#24 F:\Temp\xampp\htdocs\yii\framework\web\CController.php(1145): CFilter->filter(Object(CFilterChain))
#25 F:\Temp\xampp\htdocs\yii\framework\web\filters\CInlineFilter.php(58): CController->filterAccessControl(Object(CFilterChain))
#26 F:\Temp\xampp\htdocs\yii\framework\web\filters\CFilterChain.php(130): CInlineFilter->filter(Object(CFilterChain))
#27 F:\Temp\xampp\htdocs\yii\framework\web\CController.php(291): CFilterChain->run()
#28 F:\Temp\xampp\htdocs\yii\framework\web\CController.php(265): CController->runActionWithFilters(Object(CInlineAction), Array)
#29 F:\Temp\xampp\htdocs\yii\framework\web\CWebApplication.php(282): CController->run('')
#30 F:\Temp\xampp\htdocs\yii\framework\web\CWebApplication.php(141): CWebApplication->runController('post')
#31 F:\Temp\xampp\htdocs\yii\framework\base\CApplication.php(184): CWebApplication->processRequest()
#32 F:\Temp\xampp\htdocs\yii\index.php(13): CApplication->run()
#33 {main}
REQUEST_URI=/yii/index.php?r=post
---
2015/04/21 20:49:13 [error] [exception.CException] exception 'CException' with message 'Property "CHasManyRelation.conditions" is not defined.' in F:\Temp\xampp\htdocs\yii\framework\base\CComponent.php:173
Stack trace:
#0 F:\Temp\xampp\htdocs\yii\framework\db\ar\CActiveRecord.php(2011): CComponent->__set('conditions', 'comments.status...')
#1 F:\Temp\xampp\htdocs\yii\framework\db\ar\CActiveRecord.php(2432): CBaseActiveRelation->__construct('comments', 'Comment', 'post_id', Array)
#2 F:\Temp\xampp\htdocs\yii\framework\db\ar\CActiveRecord.php(2413): CActiveRecordMetaData->addRelation('comments', Array)
#3 F:\Temp\xampp\htdocs\yii\framework\db\ar\CActiveRecord.php(411): CActiveRecordMetaData->__construct(Object(Post))
#4 F:\Temp\xampp\htdocs\yii\framework\db\ar\CActiveRecord.php(661): CActiveRecord->getMetaData()
#5 F:\Temp\xampp\htdocs\yii\framework\db\ar\CActiveRecord.php(1606): CActiveRecord->getTableSchema()
#6 F:\Temp\xampp\htdocs\yii\framework\web\CActiveDataProvider.php(228): CActiveRecord->count(Object(CDbCriteria))
#7 F:\Temp\xampp\htdocs\yii\framework\web\CDataProvider.php(224): CActiveDataProvider->calculateTotalItemCount()
#8 F:\Temp\xampp\htdocs\yii\framework\web\CActiveDataProvider.php(178): CDataProvider->getTotalItemCount()
#9 F:\Temp\xampp\htdocs\yii\framework\web\CDataProvider.php(168): CActiveDataProvider->fetchData()
#10 F:\Temp\xampp\htdocs\yii\framework\zii\widgets\CBaseListView.php(125): CDataProvider->getData()
#11 F:\Temp\xampp\htdocs\yii\framework\zii\widgets\CListView.php(211): CBaseListView->init()
#12 F:\Temp\xampp\htdocs\yii\framework\web\CBaseController.php(147): CListView->init()
#13 F:\Temp\xampp\htdocs\yii\framework\web\CBaseController.php(180): CBaseController->createWidget('zii.widgets.CLi...', Array)
#14 F:\Temp\xampp\htdocs\yii\protected\views\post\index.php(20): CBaseController->widget('zii.widgets.CLi...', Array)
#15 F:\Temp\xampp\htdocs\yii\framework\web\CBaseController.php(126): require('F:\\Temp\\xampp\\h...')
#16 F:\Temp\xampp\htdocs\yii\framework\web\CBaseController.php(95): CBaseController->renderInternal('F:\\Temp\\xampp\\h...', Array, true)
#17 F:\Temp\xampp\htdocs\yii\framework\web\CController.php(869): CBaseController->renderFile('F:\\Temp\\xampp\\h...', Array, true)
#18 F:\Temp\xampp\htdocs\yii\framework\web\CController.php(782): CController->renderPartial('index', Array, true)
#19 F:\Temp\xampp\htdocs\yii\protected\controllers\PostController.php(123): CController->render('index', Array)
#20 F:\Temp\xampp\htdocs\yii\framework\web\actions\CInlineAction.php(49): PostController->actionIndex()
#21 F:\Temp\xampp\htdocs\yii\framework\web\CController.php(308): CInlineAction->runWithParams(Array)
#22 F:\Temp\xampp\htdocs\yii\framework\web\filters\CFilterChain.php(133): CController->runAction(Object(CInlineAction))
#23 F:\Temp\xampp\htdocs\yii\framework\web\filters\CFilter.php(40): CFilterChain->run()
#24 F:\Temp\xampp\htdocs\yii\framework\web\CController.php(1145): CFilter->filter(Object(CFilterChain))
#25 F:\Temp\xampp\htdocs\yii\framework\web\filters\CInlineFilter.php(58): CController->filterAccessControl(Object(CFilterChain))
#26 F:\Temp\xampp\htdocs\yii\framework\web\filters\CFilterChain.php(130): CInlineFilter->filter(Object(CFilterChain))
#27 F:\Temp\xampp\htdocs\yii\framework\web\CController.php(291): CFilterChain->run()
#28 F:\Temp\xampp\htdocs\yii\framework\web\CController.php(265): CController->runActionWithFilters(Object(CInlineAction), Array)
#29 F:\Temp\xampp\htdocs\yii\framework\web\CWebApplication.php(282): CController->run('')
#30 F:\Temp\xampp\htdocs\yii\framework\web\CWebApplication.php(141): CWebApplication->runController('post')
#31 F:\Temp\xampp\htdocs\yii\framework\base\CApplication.php(184): CWebApplication->processRequest()
#32 F:\Temp\xampp\htdocs\yii\index.php(13): CApplication->run()
#33 {main}
REQUEST_URI=/yii/index.php?r=post
---
2015/04/21 20:49:13 [error] [exception.CException] exception 'CException' with message 'Property "CHasManyRelation.conditions" is not defined.' in F:\Temp\xampp\htdocs\yii\framework\base\CComponent.php:173
Stack trace:
#0 F:\Temp\xampp\htdocs\yii\framework\db\ar\CActiveRecord.php(2011): CComponent->__set('conditions', 'comments.status...')
#1 F:\Temp\xampp\htdocs\yii\framework\db\ar\CActiveRecord.php(2432): CBaseActiveRelation->__construct('comments', 'Comment', 'post_id', Array)
#2 F:\Temp\xampp\htdocs\yii\framework\db\ar\CActiveRecord.php(2413): CActiveRecordMetaData->addRelation('comments', Array)
#3 F:\Temp\xampp\htdocs\yii\framework\db\ar\CActiveRecord.php(411): CActiveRecordMetaData->__construct(Object(Post))
#4 F:\Temp\xampp\htdocs\yii\framework\db\ar\CActiveRecord.php(661): CActiveRecord->getMetaData()
#5 F:\Temp\xampp\htdocs\yii\framework\db\ar\CActiveRecord.php(1606): CActiveRecord->getTableSchema()
#6 F:\Temp\xampp\htdocs\yii\framework\web\CActiveDataProvider.php(228): CActiveRecord->count(Object(CDbCriteria))
#7 F:\Temp\xampp\htdocs\yii\framework\web\CDataProvider.php(224): CActiveDataProvider->calculateTotalItemCount()
#8 F:\Temp\xampp\htdocs\yii\framework\web\CActiveDataProvider.php(178): CDataProvider->getTotalItemCount()
#9 F:\Temp\xampp\htdocs\yii\framework\web\CDataProvider.php(168): CActiveDataProvider->fetchData()
#10 F:\Temp\xampp\htdocs\yii\framework\zii\widgets\CBaseListView.php(125): CDataProvider->getData()
#11 F:\Temp\xampp\htdocs\yii\framework\zii\widgets\CListView.php(211): CBaseListView->init()
#12 F:\Temp\xampp\htdocs\yii\framework\web\CBaseController.php(147): CListView->init()
#13 F:\Temp\xampp\htdocs\yii\framework\web\CBaseController.php(180): CBaseController->createWidget('zii.widgets.CLi...', Array)
#14 F:\Temp\xampp\htdocs\yii\protected\views\post\index.php(20): CBaseController->widget('zii.widgets.CLi...', Array)
#15 F:\Temp\xampp\htdocs\yii\framework\web\CBaseController.php(126): require('F:\\Temp\\xampp\\h...')
#16 F:\Temp\xampp\htdocs\yii\framework\web\CBaseController.php(95): CBaseController->renderInternal('F:\\Temp\\xampp\\h...', Array, true)
#17 F:\Temp\xampp\htdocs\yii\framework\web\CController.php(869): CBaseController->renderFile('F:\\Temp\\xampp\\h...', Array, true)
#18 F:\Temp\xampp\htdocs\yii\framework\web\CController.php(782): CController->renderPartial('index', Array, true)
#19 F:\Temp\xampp\htdocs\yii\protected\controllers\PostController.php(123): CController->render('index', Array)
#20 F:\Temp\xampp\htdocs\yii\framework\web\actions\CInlineAction.php(49): PostController->actionIndex()
#21 F:\Temp\xampp\htdocs\yii\framework\web\CController.php(308): CInlineAction->runWithParams(Array)
#22 F:\Temp\xampp\htdocs\yii\framework\web\filters\CFilterChain.php(133): CController->runAction(Object(CInlineAction))
#23 F:\Temp\xampp\htdocs\yii\framework\web\filters\CFilter.php(40): CFilterChain->run()
#24 F:\Temp\xampp\htdocs\yii\framework\web\CController.php(1145): CFilter->filter(Object(CFilterChain))
#25 F:\Temp\xampp\htdocs\yii\framework\web\filters\CInlineFilter.php(58): CController->filterAccessControl(Object(CFilterChain))
#26 F:\Temp\xampp\htdocs\yii\framework\web\filters\CFilterChain.php(130): CInlineFilter->filter(Object(CFilterChain))
#27 F:\Temp\xampp\htdocs\yii\framework\web\CController.php(291): CFilterChain->run()
#28 F:\Temp\xampp\htdocs\yii\framework\web\CController.php(265): CController->runActionWithFilters(Object(CInlineAction), Array)
#29 F:\Temp\xampp\htdocs\yii\framework\web\CWebApplication.php(282): CController->run('')
#30 F:\Temp\xampp\htdocs\yii\framework\web\CWebApplication.php(141): CWebApplication->runController('post')
#31 F:\Temp\xampp\htdocs\yii\framework\base\CApplication.php(184): CWebApplication->processRequest()
#32 F:\Temp\xampp\htdocs\yii\index.php(13): CApplication->run()
#33 {main}
REQUEST_URI=/yii/index.php?r=post
---
2015/04/21 23:21:53 [error] [exception.CHttpException.400] exception 'CHttpException' with message 'Your request is invalid.' in F:\Temp\xampp\htdocs\yii\framework\web\CController.php:336
Stack trace:
#0 F:\Temp\xampp\htdocs\yii\framework\web\CController.php(309): CController->invalidActionParams(Object(CInlineAction))
#1 F:\Temp\xampp\htdocs\yii\framework\web\filters\CFilterChain.php(133): CController->runAction(Object(CInlineAction))
#2 F:\Temp\xampp\htdocs\yii\framework\web\filters\CFilter.php(40): CFilterChain->run()
#3 F:\Temp\xampp\htdocs\yii\framework\web\CController.php(1145): CFilter->filter(Object(CFilterChain))
#4 F:\Temp\xampp\htdocs\yii\framework\web\filters\CInlineFilter.php(58): CController->filterAccessControl(Object(CFilterChain))
#5 F:\Temp\xampp\htdocs\yii\framework\web\filters\CFilterChain.php(130): CInlineFilter->filter(Object(CFilterChain))
#6 F:\Temp\xampp\htdocs\yii\framework\web\CController.php(291): CFilterChain->run()
#7 F:\Temp\xampp\htdocs\yii\framework\web\CController.php(265): CController->runActionWithFilters(Object(CInlineAction), Array)
#8 F:\Temp\xampp\htdocs\yii\framework\web\CWebApplication.php(282): CController->run('view')
#9 F:\Temp\xampp\htdocs\yii\framework\web\CWebApplication.php(141): CWebApplication->runController('post/view')
#10 F:\Temp\xampp\htdocs\yii\framework\base\CApplication.php(184): CWebApplication->processRequest()
#11 F:\Temp\xampp\htdocs\yii\index.php(13): CApplication->run()
#12 {main}
REQUEST_URI=/yii/index.php?r=post/view
---
2015/04/21 23:22:03 [error] [exception.CHttpException.400] exception 'CHttpException' with message 'Your request is invalid.' in F:\Temp\xampp\htdocs\yii\framework\web\CController.php:336
Stack trace:
#0 F:\Temp\xampp\htdocs\yii\framework\web\CController.php(309): CController->invalidActionParams(Object(CInlineAction))
#1 F:\Temp\xampp\htdocs\yii\framework\web\filters\CFilterChain.php(133): CController->runAction(Object(CInlineAction))
#2 F:\Temp\xampp\htdocs\yii\framework\web\filters\CFilter.php(40): CFilterChain->run()
#3 F:\Temp\xampp\htdocs\yii\framework\web\CController.php(1145): CFilter->filter(Object(CFilterChain))
#4 F:\Temp\xampp\htdocs\yii\framework\web\filters\CInlineFilter.php(58): CController->filterAccessControl(Object(CFilterChain))
#5 F:\Temp\xampp\htdocs\yii\framework\web\filters\CFilterChain.php(130): CInlineFilter->filter(Object(CFilterChain))
#6 F:\Temp\xampp\htdocs\yii\framework\web\CController.php(291): CFilterChain->run()
#7 F:\Temp\xampp\htdocs\yii\framework\web\CController.php(265): CController->runActionWithFilters(Object(CInlineAction), Array)
#8 F:\Temp\xampp\htdocs\yii\framework\web\CWebApplication.php(282): CController->run('view')
#9 F:\Temp\xampp\htdocs\yii\framework\web\CWebApplication.php(141): CWebApplication->runController('post/view')
#10 F:\Temp\xampp\htdocs\yii\framework\base\CApplication.php(184): CWebApplication->processRequest()
#11 F:\Temp\xampp\htdocs\yii\index.php(13): CApplication->run()
#12 {main}
REQUEST_URI=/yii/index.php?r=post/view
---
2015/04/21 23:35:10 [error] [exception.CDbException] exception 'CDbException' with message 'Relation "commentCount" is not defined in active record class "Post".' in F:\Temp\xampp\htdocs\yii\framework\db\ar\CActiveFinder.php:226
Stack trace:
#0 F:\Temp\xampp\htdocs\yii\framework\db\ar\CActiveFinder.php(48): CActiveFinder->buildJoinTree(Object(CJoinElement), 'commentCount')
#1 F:\Temp\xampp\htdocs\yii\framework\db\ar\CActiveRecord.php(912): CActiveFinder->__construct(Object(Post), 'commentCount')
#2 F:\Temp\xampp\htdocs\yii\framework\db\ar\CActiveRecord.php(1609): CActiveRecord->getActiveFinder('commentCount')
#3 F:\Temp\xampp\htdocs\yii\framework\web\CActiveDataProvider.php(228): CActiveRecord->count(Object(CDbCriteria))
#4 F:\Temp\xampp\htdocs\yii\framework\web\CDataProvider.php(224): CActiveDataProvider->calculateTotalItemCount()
#5 F:\Temp\xampp\htdocs\yii\framework\web\CActiveDataProvider.php(178): CDataProvider->getTotalItemCount()
#6 F:\Temp\xampp\htdocs\yii\framework\web\CDataProvider.php(168): CActiveDataProvider->fetchData()
#7 F:\Temp\xampp\htdocs\yii\framework\zii\widgets\CBaseListView.php(125): CDataProvider->getData()
#8 F:\Temp\xampp\htdocs\yii\framework\zii\widgets\CListView.php(211): CBaseListView->init()
#9 F:\Temp\xampp\htdocs\yii\framework\web\CBaseController.php(147): CListView->init()
#10 F:\Temp\xampp\htdocs\yii\framework\web\CBaseController.php(180): CBaseController->createWidget('zii.widgets.CLi...', Array)
#11 F:\Temp\xampp\htdocs\yii\protected\views\post\index.php(20): CBaseController->widget('zii.widgets.CLi...', Array)
#12 F:\Temp\xampp\htdocs\yii\framework\web\CBaseController.php(126): require('F:\\Temp\\xampp\\h...')
#13 F:\Temp\xampp\htdocs\yii\framework\web\CBaseController.php(95): CBaseController->renderInternal('F:\\Temp\\xampp\\h...', Array, true)
#14 F:\Temp\xampp\htdocs\yii\framework\web\CController.php(869): CBaseController->renderFile('F:\\Temp\\xampp\\h...', Array, true)
#15 F:\Temp\xampp\htdocs\yii\framework\web\CController.php(782): CController->renderPartial('index', Array, true)
#16 F:\Temp\xampp\htdocs\yii\protected\controllers\PostController.php(138): CController->render('index', Array)
#17 F:\Temp\xampp\htdocs\yii\framework\web\actions\CInlineAction.php(49): PostController->actionIndex()
#18 F:\Temp\xampp\htdocs\yii\framework\web\CController.php(308): CInlineAction->runWithParams(Array)
#19 F:\Temp\xampp\htdocs\yii\framework\web\filters\CFilterChain.php(133): CController->runAction(Object(CInlineAction))
#20 F:\Temp\xampp\htdocs\yii\framework\web\filters\CFilter.php(40): CFilterChain->run()
#21 F:\Temp\xampp\htdocs\yii\framework\web\CController.php(1145): CFilter->filter(Object(CFilterChain))
#22 F:\Temp\xampp\htdocs\yii\framework\web\filters\CInlineFilter.php(58): CController->filterAccessControl(Object(CFilterChain))
#23 F:\Temp\xampp\htdocs\yii\framework\web\filters\CFilterChain.php(130): CInlineFilter->filter(Object(CFilterChain))
#24 F:\Temp\xampp\htdocs\yii\framework\web\CController.php(291): CFilterChain->run()
#25 F:\Temp\xampp\htdocs\yii\framework\web\CController.php(265): CController->runActionWithFilters(Object(CInlineAction), Array)
#26 F:\Temp\xampp\htdocs\yii\framework\web\CWebApplication.php(282): CController->run('')
#27 F:\Temp\xampp\htdocs\yii\framework\web\CWebApplication.php(141): CWebApplication->runController('post')
#28 F:\Temp\xampp\htdocs\yii\framework\base\CApplication.php(184): CWebApplication->processRequest()
#29 F:\Temp\xampp\htdocs\yii\index.php(13): CApplication->run()
#30 {main}
REQUEST_URI=/yii/index.php?r=post
---
2015/04/21 23:36:47 [error] [system.db.CDbCommand] CDbCommand::execute() failed: SQLSTATE[23000]: Integrity constraint violation: 1452 Cannot add or update a child row: a foreign key constraint fails (`testdrive`.`tbl_post`, CONSTRAINT `FK_post_author` FOREIGN KEY (`author_id`) REFERENCES `tbl_user` (`id`) ON DELETE CASCADE). The SQL statement executed was: INSERT INTO `tbl_post` (`title`, `content`, `tags`, `status`, `update_time`, `create_time`, `author_id`) VALUES (:yp0, :yp1, :yp2, :yp3, :yp4, :yp5, :yp6).
in F:\Temp\xampp\htdocs\yii\protected\controllers\PostController.php (68)
in F:\Temp\xampp\htdocs\yii\index.php (13)
2015/04/21 23:36:47 [error] [exception.CDbException] exception 'CDbException' with message 'CDbCommand failed to execute the SQL statement: SQLSTATE[23000]: Integrity constraint violation: 1452 Cannot add or update a child row: a foreign key constraint fails (`testdrive`.`tbl_post`, CONSTRAINT `FK_post_author` FOREIGN KEY (`author_id`) REFERENCES `tbl_user` (`id`) ON DELETE CASCADE). The SQL statement executed was: INSERT INTO `tbl_post` (`title`, `content`, `tags`, `status`, `update_time`, `create_time`, `author_id`) VALUES (:yp0, :yp1, :yp2, :yp3, :yp4, :yp5, :yp6)' in F:\Temp\xampp\htdocs\yii\framework\db\CDbCommand.php:358
Stack trace:
#0 F:\Temp\xampp\htdocs\yii\framework\db\ar\CActiveRecord.php(1080): CDbCommand->execute()
#1 F:\Temp\xampp\htdocs\yii\framework\db\ar\CActiveRecord.php(809): CActiveRecord->insert(NULL)
#2 F:\Temp\xampp\htdocs\yii\protected\controllers\PostController.php(68): CActiveRecord->save()
#3 F:\Temp\xampp\htdocs\yii\framework\web\actions\CInlineAction.php(49): PostController->actionCreate()
#4 F:\Temp\xampp\htdocs\yii\framework\web\CController.php(308): CInlineAction->runWithParams(Array)
#5 F:\Temp\xampp\htdocs\yii\framework\web\filters\CFilterChain.php(133): CController->runAction(Object(CInlineAction))
#6 F:\Temp\xampp\htdocs\yii\framework\web\filters\CFilter.php(40): CFilterChain->run()
#7 F:\Temp\xampp\htdocs\yii\framework\web\CController.php(1145): CFilter->filter(Object(CFilterChain))
#8 F:\Temp\xampp\htdocs\yii\framework\web\filters\CInlineFilter.php(58): CController->filterAccessControl(Object(CFilterChain))
#9 F:\Temp\xampp\htdocs\yii\framework\web\filters\CFilterChain.php(130): CInlineFilter->filter(Object(CFilterChain))
#10 F:\Temp\xampp\htdocs\yii\framework\web\CController.php(291): CFilterChain->run()
#11 F:\Temp\xampp\htdocs\yii\framework\web\CController.php(265): CController->runActionWithFilters(Object(CInlineAction), Array)
#12 F:\Temp\xampp\htdocs\yii\framework\web\CWebApplication.php(282): CController->run('create')
#13 F:\Temp\xampp\htdocs\yii\framework\web\CWebApplication.php(141): CWebApplication->runController('post/create')
#14 F:\Temp\xampp\htdocs\yii\framework\base\CApplication.php(184): CWebApplication->processRequest()
#15 F:\Temp\xampp\htdocs\yii\index.php(13): CApplication->run()
#16 {main}
REQUEST_URI=/yii/index.php?r=post/create
HTTP_REFERER=http://localhost/yii/index.php?r=post/create
---
2015/04/21 23:37:19 [error] [system.db.CDbCommand] CDbCommand::execute() failed: SQLSTATE[23000]: Integrity constraint violation: 1452 Cannot add or update a child row: a foreign key constraint fails (`testdrive`.`tbl_post`, CONSTRAINT `FK_post_author` FOREIGN KEY (`author_id`) REFERENCES `tbl_user` (`id`) ON DELETE CASCADE). The SQL statement executed was: INSERT INTO `tbl_post` (`title`, `content`, `tags`, `status`, `update_time`, `create_time`, `author_id`) VALUES (:yp0, :yp1, :yp2, :yp3, :yp4, :yp5, :yp6).
in F:\Temp\xampp\htdocs\yii\protected\controllers\PostController.php (68)
in F:\Temp\xampp\htdocs\yii\index.php (13)
2015/04/21 23:37:19 [error] [exception.CDbException] exception 'CDbException' with message 'CDbCommand failed to execute the SQL statement: SQLSTATE[23000]: Integrity constraint violation: 1452 Cannot add or update a child row: a foreign key constraint fails (`testdrive`.`tbl_post`, CONSTRAINT `FK_post_author` FOREIGN KEY (`author_id`) REFERENCES `tbl_user` (`id`) ON DELETE CASCADE). The SQL statement executed was: INSERT INTO `tbl_post` (`title`, `content`, `tags`, `status`, `update_time`, `create_time`, `author_id`) VALUES (:yp0, :yp1, :yp2, :yp3, :yp4, :yp5, :yp6)' in F:\Temp\xampp\htdocs\yii\framework\db\CDbCommand.php:358
Stack trace:
#0 F:\Temp\xampp\htdocs\yii\framework\db\ar\CActiveRecord.php(1080): CDbCommand->execute()
#1 F:\Temp\xampp\htdocs\yii\framework\db\ar\CActiveRecord.php(809): CActiveRecord->insert(NULL)
#2 F:\Temp\xampp\htdocs\yii\protected\controllers\PostController.php(68): CActiveRecord->save()
#3 F:\Temp\xampp\htdocs\yii\framework\web\actions\CInlineAction.php(49): PostController->actionCreate()
#4 F:\Temp\xampp\htdocs\yii\framework\web\CController.php(308): CInlineAction->runWithParams(Array)
#5 F:\Temp\xampp\htdocs\yii\framework\web\filters\CFilterChain.php(133): CController->runAction(Object(CInlineAction))
#6 F:\Temp\xampp\htdocs\yii\framework\web\filters\CFilter.php(40): CFilterChain->run()
#7 F:\Temp\xampp\htdocs\yii\framework\web\CController.php(1145): CFilter->filter(Object(CFilterChain))
#8 F:\Temp\xampp\htdocs\yii\framework\web\filters\CInlineFilter.php(58): CController->filterAccessControl(Object(CFilterChain))
#9 F:\Temp\xampp\htdocs\yii\framework\web\filters\CFilterChain.php(130): CInlineFilter->filter(Object(CFilterChain))
#10 F:\Temp\xampp\htdocs\yii\framework\web\CController.php(291): CFilterChain->run()
#11 F:\Temp\xampp\htdocs\yii\framework\web\CController.php(265): CController->runActionWithFilters(Object(CInlineAction), Array)
#12 F:\Temp\xampp\htdocs\yii\framework\web\CWebApplication.php(282): CController->run('create')
#13 F:\Temp\xampp\htdocs\yii\framework\web\CWebApplication.php(141): CWebApplication->runController('post/create')
#14 F:\Temp\xampp\htdocs\yii\framework\base\CApplication.php(184): CWebApplication->processRequest()
#15 F:\Temp\xampp\htdocs\yii\index.php(13): CApplication->run()
#16 {main}
REQUEST_URI=/yii/index.php?r=post/create
HTTP_REFERER=http://localhost/yii/index.php?r=post/create
---
2015/04/21 23:44:08 [error] [system.db.CDbCommand] CDbCommand::execute() failed: SQLSTATE[23000]: Integrity constraint violation: 1452 Cannot add or update a child row: a foreign key constraint fails (`testdrive`.`tbl_post`, CONSTRAINT `FK_post_author` FOREIGN KEY (`author_id`) REFERENCES `tbl_user` (`id`) ON DELETE CASCADE). The SQL statement executed was: INSERT INTO `tbl_post` (`title`, `content`, `tags`, `status`, `update_time`, `create_time`, `author_id`) VALUES (:yp0, :yp1, :yp2, :yp3, :yp4, :yp5, :yp6).
in F:\Temp\xampp\htdocs\yii\protected\controllers\PostController.php (67)
in F:\Temp\xampp\htdocs\yii\index.php (13)
2015/04/21 23:44:08 [error] [exception.CDbException] exception 'CDbException' with message 'CDbCommand failed to execute the SQL statement: SQLSTATE[23000]: Integrity constraint violation: 1452 Cannot add or update a child row: a foreign key constraint fails (`testdrive`.`tbl_post`, CONSTRAINT `FK_post_author` FOREIGN KEY (`author_id`) REFERENCES `tbl_user` (`id`) ON DELETE CASCADE). The SQL statement executed was: INSERT INTO `tbl_post` (`title`, `content`, `tags`, `status`, `update_time`, `create_time`, `author_id`) VALUES (:yp0, :yp1, :yp2, :yp3, :yp4, :yp5, :yp6)' in F:\Temp\xampp\htdocs\yii\framework\db\CDbCommand.php:358
Stack trace:
#0 F:\Temp\xampp\htdocs\yii\framework\db\ar\CActiveRecord.php(1080): CDbCommand->execute()
#1 F:\Temp\xampp\htdocs\yii\framework\db\ar\CActiveRecord.php(809): CActiveRecord->insert(NULL)
#2 F:\Temp\xampp\htdocs\yii\protected\controllers\PostController.php(67): CActiveRecord->save()
#3 F:\Temp\xampp\htdocs\yii\framework\web\actions\CInlineAction.php(49): PostController->actionCreate()
#4 F:\Temp\xampp\htdocs\yii\framework\web\CController.php(308): CInlineAction->runWithParams(Array)
#5 F:\Temp\xampp\htdocs\yii\framework\web\filters\CFilterChain.php(133): CController->runAction(Object(CInlineAction))
#6 F:\Temp\xampp\htdocs\yii\framework\web\filters\CFilter.php(40): CFilterChain->run()
#7 F:\Temp\xampp\htdocs\yii\framework\web\CController.php(1145): CFilter->filter(Object(CFilterChain))
#8 F:\Temp\xampp\htdocs\yii\framework\web\filters\CInlineFilter.php(58): CController->filterAccessControl(Object(CFilterChain))
#9 F:\Temp\xampp\htdocs\yii\framework\web\filters\CFilterChain.php(130): CInlineFilter->filter(Object(CFilterChain))
#10 F:\Temp\xampp\htdocs\yii\framework\web\CController.php(291): CFilterChain->run()
#11 F:\Temp\xampp\htdocs\yii\framework\web\CController.php(265): CController->runActionWithFilters(Object(CInlineAction), Array)
#12 F:\Temp\xampp\htdocs\yii\framework\web\CWebApplication.php(282): CController->run('create')
#13 F:\Temp\xampp\htdocs\yii\framework\web\CWebApplication.php(141): CWebApplication->runController('post/create')
#14 F:\Temp\xampp\htdocs\yii\framework\base\CApplication.php(184): CWebApplication->processRequest()
#15 F:\Temp\xampp\htdocs\yii\index.php(13): CApplication->run()
#16 {main}
REQUEST_URI=/yii/index.php?r=post/create
HTTP_REFERER=http://localhost/yii/index.php?r=post/create
---
2015/04/22 00:51:13 [error] [exception.CHttpException.400] exception 'CHttpException' with message 'Your request is invalid.' in F:\Temp\xampp\htdocs\yii\framework\web\CController.php:336
Stack trace:
#0 F:\Temp\xampp\htdocs\yii\framework\web\CController.php(309): CController->invalidActionParams(Object(CInlineAction))
#1 F:\Temp\xampp\htdocs\yii\framework\web\CController.php(286): CController->runAction(Object(CInlineAction))
#2 F:\Temp\xampp\htdocs\yii\framework\web\CController.php(265): CController->runActionWithFilters(Object(CInlineAction), Array)
#3 F:\Temp\xampp\htdocs\yii\framework\web\CWebApplication.php(282): CController->run('')
#4 F:\Temp\xampp\htdocs\yii\framework\web\CWebApplication.php(141): CWebApplication->runController('book')
#5 F:\Temp\xampp\htdocs\yii\framework\base\CApplication.php(184): CWebApplication->processRequest()
#6 F:\Temp\xampp\htdocs\yii\index.php(13): CApplication->run()
#7 {main}
REQUEST_URI=/yii/index.php?r=book
---
2015/04/22 00:52:00 [error] [exception.CHttpException.400] exception 'CHttpException' with message 'Your request is invalid.' in F:\Temp\xampp\htdocs\yii\framework\web\CController.php:336
Stack trace:
#0 F:\Temp\xampp\htdocs\yii\framework\web\CController.php(309): CController->invalidActionParams(Object(CInlineAction))
#1 F:\Temp\xampp\htdocs\yii\framework\web\CController.php(286): CController->runAction(Object(CInlineAction))
#2 F:\Temp\xampp\htdocs\yii\framework\web\CController.php(265): CController->runActionWithFilters(Object(CInlineAction), Array)
#3 F:\Temp\xampp\htdocs\yii\framework\web\CWebApplication.php(282): CController->run('')
#4 F:\Temp\xampp\htdocs\yii\framework\web\CWebApplication.php(141): CWebApplication->runController('book')
#5 F:\Temp\xampp\htdocs\yii\framework\base\CApplication.php(184): CWebApplication->processRequest()
#6 F:\Temp\xampp\htdocs\yii\index.php(13): CApplication->run()
#7 {main}
REQUEST_URI=/yii/index.php?r=book
---
2015/04/22 00:52:05 [error] [exception.CHttpException.400] exception 'CHttpException' with message 'Your request is invalid.' in F:\Temp\xampp\htdocs\yii\framework\web\CController.php:336
Stack trace:
#0 F:\Temp\xampp\htdocs\yii\framework\web\CController.php(309): CController->invalidActionParams(Object(CInlineAction))
#1 F:\Temp\xampp\htdocs\yii\framework\web\CController.php(286): CController->runAction(Object(CInlineAction))
#2 F:\Temp\xampp\htdocs\yii\framework\web\CController.php(265): CController->runActionWithFilters(Object(CInlineAction), Array)
#3 F:\Temp\xampp\htdocs\yii\framework\web\CWebApplication.php(282): CController->run('')
#4 F:\Temp\xampp\htdocs\yii\framework\web\CWebApplication.php(141): CWebApplication->runController('Book')
#5 F:\Temp\xampp\htdocs\yii\framework\base\CApplication.php(184): CWebApplication->processRequest()
#6 F:\Temp\xampp\htdocs\yii\index.php(13): CApplication->run()
#7 {main}
REQUEST_URI=/yii/index.php?r=Book
---
2015/04/22 00:52:15 [error] [exception.CHttpException.400] exception 'CHttpException' with message 'Your request is invalid.' in F:\Temp\xampp\htdocs\yii\framework\web\CController.php:336
Stack trace:
#0 F:\Temp\xampp\htdocs\yii\framework\web\CController.php(309): CController->invalidActionParams(Object(CInlineAction))
#1 F:\Temp\xampp\htdocs\yii\framework\web\CController.php(286): CController->runAction(Object(CInlineAction))
#2 F:\Temp\xampp\htdocs\yii\framework\web\CController.php(265): CController->runActionWithFilters(Object(CInlineAction), Array)
#3 F:\Temp\xampp\htdocs\yii\framework\web\CWebApplication.php(282): CController->run('')
#4 F:\Temp\xampp\htdocs\yii\framework\web\CWebApplication.php(141): CWebApplication->runController('book')
#5 F:\Temp\xampp\htdocs\yii\framework\base\CApplication.php(184): CWebApplication->processRequest()
#6 F:\Temp\xampp\htdocs\yii\index.php(13): CApplication->run()
#7 {main}
REQUEST_URI=/yii/index.php?r=book
---
2015/04/22 00:52:49 [error] [exception.CHttpException.400] exception 'CHttpException' with message 'Your request is invalid.' in F:\Temp\xampp\htdocs\yii\framework\web\CController.php:336
Stack trace:
#0 F:\Temp\xampp\htdocs\yii\framework\web\CController.php(309): CController->invalidActionParams(Object(CInlineAction))
#1 F:\Temp\xampp\htdocs\yii\framework\web\CController.php(286): CController->runAction(Object(CInlineAction))
#2 F:\Temp\xampp\htdocs\yii\framework\web\CController.php(265): CController->runActionWithFilters(Object(CInlineAction), Array)
#3 F:\Temp\xampp\htdocs\yii\framework\web\CWebApplication.php(282): CController->run('index')
#4 F:\Temp\xampp\htdocs\yii\framework\web\CWebApplication.php(141): CWebApplication->runController('book/index')
#5 F:\Temp\xampp\htdocs\yii\framework\base\CApplication.php(184): CWebApplication->processRequest()
#6 F:\Temp\xampp\htdocs\yii\index.php(13): CApplication->run()
#7 {main}
REQUEST_URI=/yii/index.php?r=book/index
---
2015/04/22 00:53:19 [error] [exception.CHttpException.404] exception 'CHttpException' with message 'The system is unable to find the requested action "index?id=2".' in F:\Temp\xampp\htdocs\yii\framework\web\CController.php:483
Stack trace:
#0 F:\Temp\xampp\htdocs\yii\framework\web\CController.php(270): CController->missingAction('index?id=2')
#1 F:\Temp\xampp\htdocs\yii\framework\web\CWebApplication.php(282): CController->run('index?id=2')
#2 F:\Temp\xampp\htdocs\yii\framework\web\CWebApplication.php(141): CWebApplication->runController('book/index?id=2')
#3 F:\Temp\xampp\htdocs\yii\framework\base\CApplication.php(184): CWebApplication->processRequest()
#4 F:\Temp\xampp\htdocs\yii\index.php(13): CApplication->run()
#5 {main}
REQUEST_URI=/yii/index.php?r=book/index?id=2
---
